<?xml version="1.0" encoding="UTF-8"?>
<!-- Generated by org.testng.reporters.JUnitReportReporter -->
<testsuite hostname="DESKTOP-S0J7E8Q" failures="0" tests="5" name="Test.Test" time="72.659" errors="0" timestamp="2024-08-31T12:48:04 IST" skipped="0">
  <testcase classname="Test.Test" name="Homepage" time="0.879"/>
  <testcase classname="Test.Test" name="KidToys" time="1.706"/>
  <testcase classname="Test.Test" name="OutDoorPlay" time="9.162"/>
  <testcase classname="Test.Test" name="GamesPuzzles" time="18.912"/>
  <testcase classname="Test.Test" name="BabyCare" time="42.000"/>
</testsuite> <!-- Test.Test -->
